build/app/outputs/mapping/release/mapping.txt
# compiler: R8
# compiler_version: 1.5.64
# min_api: 16
# pg_map_id: 7c65100
...
com.google.gson.internal.bind.TypeAdapters$22 -> b.a.e.w.n.n$n:
    java.lang.Object read(com.google.gson.stream.JsonReader) -> a
    java.net.URI read(com.google.gson.stream.JsonReader) -> a
    void write(com.google.gson.stream.JsonWriter,java.lang.Object) -> a
    void write(com.google.gson.stream.JsonWriter,java.net.URI) -> a
com.google.gson.internal.bind.TypeAdapters$23 -> b.a.e.w.n.n$o:
    java.lang.Object read(com.google.gson.stream.JsonReader) -> a
    java.net.InetAddress read(com.google.gson.stream.JsonReader) -> a
    void write(com.google.gson.stream.JsonWriter,java.lang.Object) -> a
    void write(com.google.gson.stream.JsonWriter,java.net.InetAddress) -> a
com.google.gson.internal.bind.TypeAdapters$24 -> b.a.e.w.n.n$p:
    java.lang.Object read(com.google.gson.stream.JsonReader) -> a
    java.util.UUID read(com.google.gson.stream.JsonReader) -> a
    void write(com.google.gson.stream.JsonWriter,java.lang.Object) -> a
    void write(com.google.gson.stream.JsonWriter,java.util.UUID) -> a
com.google.gson.internal.bind.TypeAdapters$25 -> b.a.e.w.n.n$q:
    java.lang.Object read(com.google.gson.stream.JsonReader) -> a
    java.util.Currency read(com.google.gson.stream.JsonReader) -> a
    void write(com.google.gson.stream.JsonWriter,java.lang.Object) -> a
    void write(com.google.gson.stream.JsonWriter,java.util.Currency) -> a
com.google.gson.internal.bind.TypeAdapters$26 -> b.a.e.w.n.n$r:
    com.google.gson.TypeAdapter create(com.google.gson.Gson,com.google.gson.reflect.TypeToken) -> a
com.google.gson.internal.bind.TypeAdapters$26$1 -> b.a.e.w.n.n$r$a:
    com.google.gson.TypeAdapter val$dateTypeAdapter -> a
    java.lang.Object read(com.google.gson.stream.JsonReader) -> a
    java.sql.Timestamp read(com.google.gson.stream.JsonReader) -> a
    void write(com.google.gson.stream.JsonWriter,java.lang.Object) -> a
    void write(com.google.gson.stream.JsonWriter,java.sql.Timestamp) -> a
com.google.gson.internal.bind.TypeAdapters$27 -> b.a.e.w.n.n$s:
    java.lang.Object read(com.google.gson.stream.JsonReader) -> a
    java.util.Calendar read(com.google.gson.stream.JsonReader) -> a
    void write(com.google.gson.stream.JsonWriter,java.lang.Object) -> a
    void write(com.google.gson.stream.JsonWriter,java.util.Calendar) -> a
com.google.gson.internal.bind.TypeAdapters$28 -> b.a.e.w.n.n$t:
    java.lang.Object read(com.google.gson.stream.JsonReader) -> a
    java.util.Locale read(com.google.gson.stream.JsonReader) -> a
    void write(com.google.gson.stream.JsonWriter,java.lang.Object) -> a
    void write(com.google.gson.stream.JsonWriter,java.util.Locale) -> a
com.google.gson.internal.bind.TypeAdapters$29 -> b.a.e.w.n.n$u:
    com.google.gson.JsonElement read(com.google.gson.stream.JsonReader) -> a
    java.lang.Object read(com.google.gson.stream.JsonReader) -> a
    void write(com.google.gson.stream.JsonWriter,com.google.gson.JsonElement) -> a
    void write(com.google.gson.stream.JsonWriter,java.lang.Object) -> a
com.google.gson.internal.bind.TypeAdapters$3 -> b.a.e.w.n.n$c0:
    java.lang.Boolean read(com.google.gson.stream.JsonReader) -> a
    java.lang.Object read(com.google.gson.stream.JsonReader) -> a
    void write(com.google.gson.stream.JsonWriter,java.lang.Boolean) -> a
    void write(com.google.gson.stream.JsonWriter,java.lang.Object) -> a
com.google.gson.internal.bind.TypeAdapters$30 -> b.a.e.w.n.n$w:
    com.google.gson.TypeAdapter create(com.google.gson.Gson,com.google.gson.reflect.TypeToken) -> a
com.google.gson.internal.bind.TypeAdapters$32 -> b.a.e.w.n.n$x:
    com.google.gson.TypeAdapter val$typeAdapter -> c
    java.lang.Class val$type -> b
    com.google.gson.TypeAdapter create(com.google.gson.Gson,com.google.gson.reflect.TypeToken) -> a